{
  "RSpec": {
    "coverage": {
      "/home/mose/rails/agitracker/app/helpers/application_helper.rb": [
        1,
        null
      ],
      "/home/mose/rails/agitracker/app/helpers/pages_helper.rb": [
        1,
        null
      ],
      "/home/mose/rails/agitracker/app/controllers/pages_controller.rb": [
        1,
        1,
        1,
        null,
        null,
        1,
        1,
        null,
        null,
        1,
        1,
        null,
        null,
        null
      ],
      "/home/mose/rails/agitracker/app/controllers/application_controller.rb": [
        1,
        1,
        null
      ]
    },
    "timestamp": 1322844330
  }
}
